\BOOKMARK [0][-]{section*.4}{\376\377\006\101\006\107\006\061\006\063\006\052\000\040\006\052\006\065\006\047\006\110\006\314\006\061}{}% 1
\BOOKMARK [0][-]{section*.5}{\376\377\006\101\006\107\006\061\006\063\006\052\000\040\006\054\006\057\006\047\006\110\006\104}{}% 2
\BOOKMARK [0][-]{chapter*.6}{\376\377\006\101\006\107\006\061\006\063\006\052\000\040\006\106\006\105\006\047\006\057\006\107\006\047\000\040\006\110\000\040\006\251\006\110\006\052\006\107\040\014\006\106\006\110\006\064\006\052\040\014\006\107\006\047}{}% 3
\BOOKMARK [0][-]{chapter.1}{\376\377\006\251\006\104\006\314\006\047\006\052\000\040\006\176\006\230\006\110\006\107\006\064}{}% 4
\BOOKMARK [1][-]{section.1.1}{\376\377\006\105\006\102\006\057\006\105\006\107}{chapter.1}% 5
\BOOKMARK [1][-]{section.1.2}{\376\377\006\050\006\314\006\047\006\106\000\040\006\105\006\063\006\046\006\104\006\107}{chapter.1}% 6
\BOOKMARK [1][-]{section.1.3}{\376\377\006\047\006\107\006\105\006\314\006\052\000\040\006\110\000\040\006\066\006\061\006\110\006\061\006\052}{chapter.1}% 7
\BOOKMARK [1][-]{section.1.4}{\376\377\006\047\006\107\006\057\006\047\006\101\000\040\006\176\006\230\006\110\006\107\006\064}{chapter.1}% 8
\BOOKMARK [1][-]{section.1.5}{\376\377\006\176\006\061\006\063\006\064\040\014\006\107\006\047\006\314\000\040\006\176\006\230\006\110\006\107\006\064}{chapter.1}% 9
\BOOKMARK [1][-]{section.1.6}{\376\377\006\063\006\047\006\056\006\052\006\047\006\061\000\040\006\176\006\047\006\314\006\047\006\106\040\014\006\106\006\047\006\105\006\107}{chapter.1}% 10
\BOOKMARK [0][-]{chapter.2}{\376\377\006\105\006\050\006\047\006\106\006\314\000\040\006\106\006\070\006\061\006\314\000\040\006\110\000\040\006\101\006\106\006\047\006\110\006\061\006\314\040\014\006\107\006\047\006\314\000\040\006\105\006\110\006\061\006\057\000\040\006\047\006\063\006\052\006\101\006\047\006\057\006\107}{}% 11
\BOOKMARK [1][-]{section.2.1}{\376\377\006\176\006\047\006\314\006\064\000\040\006\071\006\105\006\104\006\251\006\061\006\057\000\040\006\110\000\040\006\105\006\064\006\047\006\107\006\057\006\107\040\014\006\176\006\060\006\314\006\061\006\314}{chapter.2}% 12
\BOOKMARK [1][-]{section.2.2}{\376\377\000J\000a\000v\000a\000\040\000F\000l\000i\000g\000h\000t\000\040\000R\000e\000c\000o\000r\000d\000e\000r}{chapter.2}% 13
\BOOKMARK [1][-]{section.2.3}{\376\377\000e\000B\000P\000F\000\040\006\110\000\040\006\061\006\056\006\057\006\047\006\057\006\107\006\047\006\314\000\040\006\063\006\067\006\055\000\040\006\107\006\063\006\052\006\107}{chapter.2}% 14
\BOOKMARK [1][-]{section.2.4}{\376\377\000K\000a\000f\000k\000a\000\040\006\110\000\040\006\176\006\061\006\057\006\047\006\062\006\064\000\040\006\054\006\061\006\314\006\047\006\106\006\314}{chapter.2}% 15
\BOOKMARK [1][-]{section.2.5}{\376\377\006\052\006\064\006\056\006\314\006\065\000\040\006\106\006\047\006\107\006\106\006\054\006\047\006\061\006\314}{chapter.2}% 16
\BOOKMARK [1][-]{section.2.6}{\376\377\006\054\006\105\006\071\040\014\006\050\006\106\006\057\006\314}{chapter.2}% 17
\BOOKMARK [0][-]{chapter.3}{\376\377\006\105\006\071\006\105\006\047\006\061\006\314\000\040\006\063\006\047\006\105\006\047\006\106\006\107}{}% 18
\BOOKMARK [1][-]{section.3.1}{\376\377\006\105\006\102\006\057\006\105\006\107}{chapter.3}% 19
\BOOKMARK [1][-]{section.3.2}{\376\377\006\106\006\105\006\047\006\314\000\040\006\251\006\104\006\314\000\040\006\105\006\071\006\105\006\047\006\061\006\314}{chapter.3}% 20
\BOOKMARK [1][-]{section.3.3}{\376\377\006\105\006\063\006\314\006\061\006\107\006\047\006\314\000\040\006\057\006\047\006\057\006\107\000\040\006\057\006\061\000\040\006\063\006\047\006\105\006\047\006\106\006\107}{chapter.3}% 21
\BOOKMARK [2][-]{subsection.3.3.1}{\376\377\006\105\006\063\006\314\006\061\000\040\006\061\006\056\006\057\006\047\006\057\006\107\006\047\006\314\000\040\000J\000F\000R}{section.3.3}% 22
\BOOKMARK [2][-]{subsection.3.3.2}{\376\377\006\105\006\063\006\314\006\061\000\040\006\061\006\056\006\057\006\047\006\057\006\107\006\047\006\314\000\040\006\107\006\063\006\052\006\107}{section.3.3}% 23
\BOOKMARK [1][-]{section.3.4}{\376\377\006\104\006\047\006\314\006\107\000\040\006\054\006\105\006\071\040\014\006\042\006\110\006\061\006\314\000\040\006\057\006\047\006\057\006\107}{chapter.3}% 24
\BOOKMARK [1][-]{section.3.5}{\376\377\006\104\006\047\006\314\006\107\000\040\006\047\006\106\006\052\006\102\006\047\006\104\000\040\006\110\000\040\006\060\006\056\006\314\006\061\006\107\040\014\006\063\006\047\006\062\006\314\000\040\006\054\006\061\006\314\006\047\006\106\000\040\006\057\006\047\006\057\006\107}{chapter.3}% 25
\BOOKMARK [1][-]{section.3.6}{\376\377\006\104\006\047\006\314\006\107\000\040\006\052\006\054\006\105\006\314\006\071}{chapter.3}% 26
\BOOKMARK [1][-]{section.3.7}{\376\377\006\104\006\047\006\314\006\107\000\040\006\052\006\055\006\104\006\314\006\104}{chapter.3}% 27
\BOOKMARK [1][-]{section.3.8}{\376\377\006\104\006\047\006\314\006\107\000\040\006\047\006\061\006\062\006\314\006\047\006\050\006\314}{chapter.3}% 28
\BOOKMARK [1][-]{section.3.9}{\376\377\006\105\006\057\006\104\000\040\006\057\006\047\006\057\006\107\000\040\006\105\006\064\006\052\006\061\006\251}{chapter.3}% 29
\BOOKMARK [1][-]{section.3.10}{\376\377\006\057\006\104\006\047\006\314\006\104\000\040\006\047\006\106\006\052\006\056\006\047\006\050\000\040\006\105\006\071\006\105\006\047\006\061\006\314\000\040\006\104\006\047\006\314\006\107\040\014\006\047\006\314}{chapter.3}% 30
\BOOKMARK [1][-]{section.3.11}{\376\377\006\054\006\105\006\071\040\014\006\050\006\106\006\057\006\314}{chapter.3}% 31
\BOOKMARK [0][-]{chapter.4}{\376\377\006\176\006\314\006\047\006\057\006\107\040\014\006\063\006\047\006\062\006\314\000\040\006\063\006\047\006\105\006\047\006\106\006\107}{}% 32
\BOOKMARK [1][-]{section.4.1}{\376\377\006\063\006\047\006\056\006\052\006\047\006\061\000\040\006\105\006\056\006\062\006\106}{chapter.4}% 33
\BOOKMARK [1][-]{section.4.2}{\376\377\006\057\006\061\006\314\006\047\006\101\006\052\000\040\006\061\006\056\006\057\006\047\006\057\006\107\006\047\006\314\000\040\000J\000F\000R}{chapter.4}% 34
\BOOKMARK [1][-]{section.4.3}{\376\377\006\057\006\061\006\314\006\047\006\101\006\052\000\040\006\061\006\056\006\057\006\047\006\057\006\107\006\047\006\314\000\040\006\107\006\063\006\052\006\107}{chapter.4}% 35
\BOOKMARK [1][-]{section.4.4}{\376\377\006\052\006\054\006\105\006\314\006\071\000\040\006\061\006\056\006\057\006\047\006\057\006\107\006\047}{chapter.4}% 36
\BOOKMARK [1][-]{section.4.5}{\376\377\006\052\006\055\006\104\006\314\006\104\000\040\006\110\000\040\006\257\006\062\006\047\006\061\006\064\040\014\006\257\006\314\006\061\006\314}{chapter.4}% 37
\BOOKMARK [1][-]{section.4.6}{\376\377\006\176\006\047\006\314\006\064\000\040\006\056\006\110\006\057\000\040\006\063\006\047\006\105\006\047\006\106\006\107}{chapter.4}% 38
\BOOKMARK [1][-]{section.4.7}{\376\377\006\054\006\105\006\071\040\014\006\050\006\106\006\057\006\314}{chapter.4}% 39
\BOOKMARK [0][-]{chapter.5}{\376\377\006\047\006\061\006\062\006\314\006\047\006\050\006\314\006\014\000\040\006\106\006\052\006\314\006\054\006\107\040\014\006\257\006\314\006\061\006\314\000\040\006\110\000\040\006\251\006\047\006\061\006\107\006\047\006\314\000\040\006\042\006\314\006\106\006\057\006\107}{}% 40
\BOOKMARK [1][-]{section.5.1}{\376\377\006\061\006\110\006\064\000\040\006\047\006\061\006\062\006\314\006\047\006\050\006\314}{chapter.5}% 41
\BOOKMARK [1][-]{section.5.2}{\376\377\006\063\006\106\006\047\006\061\006\314\006\110\006\107\006\047\006\314\000\040\006\042\006\062\006\105\006\047\006\314\006\064}{chapter.5}% 42
\BOOKMARK [1][-]{section.5.3}{\376\377\006\105\006\071\006\314\006\047\006\061\006\107\006\047\006\314\000\040\006\047\006\061\006\062\006\314\006\047\006\050\006\314}{chapter.5}% 43
\BOOKMARK [1][-]{section.5.4}{\376\377\006\050\006\055\006\053}{chapter.5}% 44
\BOOKMARK [1][-]{section.5.5}{\376\377\006\106\006\052\006\314\006\054\006\107\040\014\006\257\006\314\006\061\006\314}{chapter.5}% 45
\BOOKMARK [1][-]{section.5.6}{\376\377\006\251\006\047\006\061\006\107\006\047\006\314\000\040\006\042\006\314\006\106\006\057\006\107}{chapter.5}% 46
\BOOKMARK [0][-]{appendix*.7}{\376\377\006\251\006\052\006\047\006\050\040\014\006\106\006\047\006\105\006\107}{}% 47
\BOOKMARK [0][-]{appendix.Alph1}{\376\377\006\061\006\047\006\107\006\106\006\105\006\047\006\314\000\040\006\047\006\054\006\061\006\047\006\314\000\040\006\176\006\061\006\110\006\230\006\107}{}% 48
\BOOKMARK [1][-]{section.Alph1.1}{\376\377\006\063\006\047\006\056\006\052\000\040\006\105\006\047\006\230\006\110\006\104\040\014\006\107\006\047\006\314\000\040\006\054\006\047\006\110\006\047}{appendix.Alph1}% 49
\BOOKMARK [1][-]{section.Alph1.2}{\376\377\006\047\006\054\006\061\006\047\006\314\000\040\006\047\006\054\006\062\006\047\006\314\000\040\006\047\006\065\006\104\006\314}{appendix.Alph1}% 50
\BOOKMARK [1][-]{section.Alph1.3}{\376\377\006\047\006\054\006\061\006\047\006\314\000\040\006\047\006\061\006\062\006\314\006\047\006\050\006\314}{appendix.Alph1}% 51
\BOOKMARK [1][-]{section.Alph1.4}{\376\377\006\056\006\061\006\110\006\054\006\314\040\014\006\107\006\047}{appendix.Alph1}% 52
\BOOKMARK [0][-]{appendix*.8}{\376\377\006\110\006\047\006\230\006\107\040\014\006\106\006\047\006\105\006\107\040\014\006\314\000\040\006\101\006\047\006\061\006\063\006\314\000\040\006\050\006\107\000\040\006\047\006\106\006\257\006\104\006\314\006\063\006\314}{}% 53
\BOOKMARK [0][-]{appendix*.9}{\376\377\006\110\006\047\006\230\006\107\040\014\006\106\006\047\006\105\006\107\040\014\006\314\000\040\006\047\006\106\006\257\006\104\006\314\006\063\006\314\000\040\006\050\006\107\000\040\006\101\006\047\006\061\006\063\006\314}{}% 54
